<?xml version="1.0" encoding="UTF-8"?>
<testsuite xmlns:xsi="http://www.w3.org/2001/XMLSchema-instance" xsi:noNamespaceSchemaLocation="https://maven.apache.org/surefire/maven-surefire-plugin/xsd/surefire-test-report-3.0.xsd" version="3.0" name="testRunner.TestRunner" time="45.149" tests="1" errors="0" skipped="0" failures="0">
  <properties>
[...]
</properties>
  <testcase name="Successful login with Valid credentials" classname="Login with Valid credentials" time="42.518">
    <system-out><![CDATA[
@Sanity @Regression
Scenario: Successful login with Valid credentials                                           # Features/Login.feature:4
  Given User launch the browser                                                             # stepDefenitions.Steps.user_launch_the_browser()
  And opens the URL "https://naveenautomationlabs.com/opencart/index.php?route=common/home" # stepDefenitions.Steps.opens_the_url(java.lang.String)
  When User navigates to My Account menu                                                    # stepDefenitions.Steps.user_navigates_to_my_account_menu()
  And Click on Login option                                                                 # stepDefenitions.Steps.click_on_login_option()
  And User enters Email as "mtest0626a@gmail.com" and Password as "Mtest@0626"              # stepDefenitions.Steps.user_enters_email_as_and_password_as(java.lang.String,java.lang.String)
  And Click on Login button                                                                 # stepDefenitions.Steps.click_on_login_button()
Login is successful
  Then User navigates to My Account page                                                    # stepDefenitions.Steps.user_navigates_to_my_account_page()
  And Click on Logout link                                                                  # stepDefenitions.Steps.click_on_logout_link()
Scenario status==> PASSED
]]></system-out>
    <system-err><![CDATA[Jun 27, 2023 7:11:04 PM org.openqa.selenium.manager.SeleniumManager getDriverPath
INFO: Applicable driver not found; attempting to install with Selenium Manager (Beta)
SLF4J: Failed to load class "org.slf4j.impl.StaticLoggerBinder".
SLF4J: Defaulting to no-operation (NOP) logger implementation
SLF4J: See http://www.slf4j.org/codes.html#StaticLoggerBinder for further details.
Starting ChromeDriver 114.0.5735.90 (386bc09e8f4f2e025eddae123f36f6263096ae49-refs/branch-heads/5735@{#1052}) on port 12778
Only local connections are allowed.
Please see https://chromedriver.chromium.org/security-considerations for suggestions on keeping ChromeDriver safe.
ChromeDriver was started successfully.
Jun 27, 2023 7:11:29 PM org.openqa.selenium.devtools.CdpVersionFinder findNearestMatch
WARNING: Unable to find an exact match for CDP version 114, so returning the closest version found: 113
]]></system-err>
  </testcase>
</testsuite>